<?xml version="1.0" encoding="utf-8"?><testsuites name="pytest tests"><testsuite name="pytest" errors="0" failures="0" skipped="0" tests="22" time="20.553" timestamp="2026-08-02T17:42:48.135394+00:00" hostname="agent-env-6f8438bd-6cd6-402b-8ab6-b51d12be132e"><testcase classname="tests.test_iteration2" name="test_regression_auth_session_bad_id_returns_401" time="0.370" /><testcase classname="tests.test_iteration2.TestHouseholdCreationAndInviteApproval" name="test_alice_creates_household_has_empty_pending_and_active_period" time="0.139" /><testcase classname="tests.test_iteration2.TestHouseholdCreationAndInviteApproval" name="test_bob_join_returns_pending_true_and_household" time="0.140" /><testcase classname="tests.test_iteration2.TestHouseholdCreationAndInviteApproval" name="test_joiner_bob_sees_pending_household_and_null_household" time="0.141" /><testcase classname="tests.test_iteration2.TestHouseholdCreationAndInviteApproval" name="test_owner_alice_sees_bob_in_pending_members" time="0.106" /><testcase classname="tests.test_iteration2.TestHouseholdCreationAndInviteApproval" name="test_carol_joins_pending" time="0.103" /><testcase classname="tests.test_iteration2.TestHouseholdCreationAndInviteApproval" name="test_bob_expense_creation_rejected_while_pending" time="0.117" /><testcase classname="tests.test_iteration2.TestHouseholdCreationAndInviteApproval" name="test_approve_unknown_user_returns_404" time="0.143" /><testcase classname="tests.test_iteration2.TestHouseholdCreationAndInviteApproval" name="test_approve_bob_and_carol_moves_to_members" time="0.249" /><testcase classname="tests.test_iteration2.TestRejectFlow" name="test_dave_joins_then_gets_rejected" time="0.256" /><testcase classname="tests.test_iteration2.TestExpensesDateAndQuantity" name="test_create_expense_with_iso_date_and_quantity" time="0.137" /><testcase classname="tests.test_iteration2.TestExpensesDateAndQuantity" name="test_create_expense_with_german_date_normalized" time="0.100" /><testcase classname="tests.test_iteration2.TestExpensesDateAndQuantity" name="test_bob_creates_roommate_expense_for_carol_12" time="0.102" /><testcase classname="tests.test_iteration2.TestExpensesDateAndQuantity" name="test_list_expenses_default_quantity_and_sorted_by_date_desc" time="0.102" /><testcase classname="tests.test_iteration2.TestBalanceAndRoommatePaid" name="test_balances_roommate_paid_field_present" time="0.105" /><testcase classname="tests.test_iteration2.TestBalanceAndRoommatePaid" name="test_balance_math_smoke" time="0.133" /><testcase classname="tests.test_iteration2.TestMemberDrilldown" name="test_setup_alice_roommate_for_bob" time="0.107" /><testcase classname="tests.test_iteration2.TestMemberDrilldown" name="test_carol_drilldown_of_alice_sees_only_household" time="0.097" /><testcase classname="tests.test_iteration2.TestMemberDrilldown" name="test_bob_drilldown_of_alice_sees_both" time="0.131" /><testcase classname="tests.test_iteration2.TestMemberDrilldown" name="test_drilldown_unknown_member_404" time="0.105" /><testcase classname="tests.test_iteration2.TestSelfVisibility" name="test_self_expense_visible_only_to_creator" time="0.241" /><testcase classname="tests.test_iteration2.TestOCRDateAndQuantity" name="test_ocr_returns_date_and_quantity" time="17.361" /></testsuite></testsuites>