<?xml version="1.0" encoding="utf-8"?><testsuites name="pytest tests"><testsuite name="pytest" errors="0" failures="0" skipped="0" tests="32" time="8.983" timestamp="2026-08-02T17:03:14.608076+00:00" hostname="agent-env-6f8438bd-6cd6-402b-8ab6-b51d12be132e"><testcase classname="tests.test_odahesap_backend" name="test_health_root" time="0.128" /><testcase classname="tests.test_odahesap_backend.TestAuth" name="test_session_with_fake_id_returns_401" time="0.190" /><testcase classname="tests.test_odahesap_backend.TestAuth" name="test_me_without_token_401" time="0.126" /><testcase classname="tests.test_odahesap_backend.TestAuth" name="test_me_with_invalid_token_401" time="0.099" /><testcase classname="tests.test_odahesap_backend.TestAuth" name="test_me_with_seeded_token_returns_user" time="0.101" /><testcase classname="tests.test_odahesap_backend.TestHouseholds" name="test_alice_no_household_initially" time="0.098" /><testcase classname="tests.test_odahesap_backend.TestHouseholds" name="test_alice_creates_household" time="0.110" /><testcase classname="tests.test_odahesap_backend.TestHouseholds" name="test_alice_second_create_rejected" time="0.097" /><testcase classname="tests.test_odahesap_backend.TestHouseholds" name="test_bob_join_wrong_code_404" time="0.133" /><testcase classname="tests.test_odahesap_backend.TestHouseholds" name="test_bob_and_carol_join" time="0.142" /><testcase classname="tests.test_odahesap_backend.TestHouseholds" name="test_bob_double_join_rejected" time="0.096" /><testcase classname="tests.test_odahesap_backend.TestHouseholds" name="test_get_households_me_returns_members_and_period" time="0.095" /><testcase classname="tests.test_odahesap_backend.TestExpenses" name="test_alice_creates_household_expense_30" time="0.091" /><testcase classname="tests.test_odahesap_backend.TestExpenses" name="test_bob_creates_roommate_expense_for_carol_12" time="0.110" /><testcase classname="tests.test_odahesap_backend.TestExpenses" name="test_bob_creates_self_expense" time="0.108" /><testcase classname="tests.test_odahesap_backend.TestExpenses" name="test_roommate_expense_invalid_target" time="0.093" /><testcase classname="tests.test_odahesap_backend.TestExpenses" name="test_roommate_expense_self_target_rejected" time="0.093" /><testcase classname="tests.test_odahesap_backend.TestExpenses" name="test_expense_without_household_rejected" time="0.096" /><testcase classname="tests.test_odahesap_backend.TestExpenses" name="test_visibility_alice_sees_household_only_no_carol_roommate" time="0.096" /><testcase classname="tests.test_odahesap_backend.TestExpenses" name="test_visibility_bob_sees_household_own_roommate_and_self" time="0.096" /><testcase classname="tests.test_odahesap_backend.TestExpenses" name="test_visibility_carol_sees_household_and_roommate_target" time="0.102" /><testcase classname="tests.test_odahesap_backend.TestExpenses" name="test_delete_expense_non_owner_403" time="0.097" /><testcase classname="tests.test_odahesap_backend.TestExpenses" name="test_delete_nonexistent_404" time="0.099" /><testcase classname="tests.test_odahesap_backend.TestBalances" name="test_balances_math_and_transfers" time="0.101" /><testcase classname="tests.test_odahesap_backend.TestPeriods" name="test_close_period_and_new_one_starts" time="0.101" /><testcase classname="tests.test_odahesap_backend.TestPeriods" name="test_household_current_period_updated" time="0.099" /><testcase classname="tests.test_odahesap_backend.TestPeriods" name="test_periods_list_contains_both" time="0.096" /><testcase classname="tests.test_odahesap_backend.TestPeriods" name="test_balances_reset_in_new_period" time="0.097" /><testcase classname="tests.test_odahesap_backend.TestOCR" name="test_ocr_receipt_returns_items" time="5.505" /><testcase classname="tests.test_odahesap_backend.TestOCR" name="test_ocr_requires_auth" time="0.155" /><testcase classname="tests.test_odahesap_backend.TestLeave" name="test_carol_leaves_household" time="0.169" /><testcase classname="tests.test_odahesap_backend.TestLeave" name="test_carol_can_now_join_something_else" time="0.113" /></testsuite></testsuites>